<?xml version="1.0" encoding="UTF-8"?>
<!-- Generated by org.testng.reporters.JUnitReportReporter -->
<testsuite skipped="0" hostname="DESKTOP-QS8IMHF" name="com.eccomerse.CountUnreadMail" tests="1" failures="0" timestamp="19 Dec 2018 12:20:47 GMT" time="98.794" errors="0">
  <testcase name="count" time="98.794" classname="com.eccomerse.CountUnreadMail"/>
</testsuite> <!-- com.eccomerse.CountUnreadMail -->
