<?xml version="1.0" encoding="UTF-8"?>
<!-- Generated by org.testng.reporters.JUnitReportReporter -->
<testsuite skipped="0" hostname="DESKTOP-QS8IMHF" name="com.eccomerse.JenkinsDemo" tests="1" failures="0" timestamp="16 Dec 2018 05:43:24 GMT" time="31.952" errors="0">
  <testcase name="run" time="31.952" classname="com.eccomerse.JenkinsDemo"/>
</testsuite> <!-- com.eccomerse.JenkinsDemo -->
